{
 "cells": [
  {
   "cell_type": "markdown",
   "metadata": {},
   "source": [
    "## Writing data to PostGIS Database\n",
    "\n",
    "Given that each of our Overlay datasets is approximately 2GB in memory with 11 years, as well as NFI datasets about 800GB each and one AWI dataset, it feels unfeasible to expend a 32GB machine on serving area queries. Therefore, we'll resort to a PostGIS database to store the data and serve the queries using disk-based-storage. \n",
    "\n",
    "We'll read the same GeoJSON files we used for MBTiles generation and write them into separate tables, after which we'll finally be able to remove them.\n",
    "\n",
    "The PostGIS database is hosted in a separate docker container."
   ]
  },
  {
   "cell_type": "code",
   "execution_count": null,
   "metadata": {},
   "outputs": [],
   "source": [
    "import geopandas as gpd\n",
    "\n",
    "datasets = {}\n",
    "\n",
    "# Runtime: 3m30s per year for overlay\n",
    "for year in range(2022, 2023):\n",
    "    datasets[f'nfi_awi_overlay_{year}_e3'] = gpd.read_file(f'gb_nfi_awi_overlay_{year}_e3.geojson')"
   ]
  },
  {
   "cell_type": "code",
   "execution_count": null,
   "metadata": {},
   "outputs": [],
   "source": [
    "import os\n",
    "from dotenv import load_dotenv\n",
    "from sqlalchemy import create_engine, text\n",
    "from geoalchemy2 import Geometry, WKTElement\n",
    "\n",
    "load_dotenv()\n",
    "\n",
    "# Set up a connection to the database\n",
    "engine = create_engine(f'postgresql://{os.getenv(\"POSTGRES_USER\")}:{os.getenv(\"POSTGRES_PASSWORD\")}@localhost:{os.getenv(\"POSTGRES_PORT\")}/{os.getenv(\"POSTGRES_DB_NAME\")}')"
   ]
  },
  {
   "cell_type": "code",
   "execution_count": null,
   "metadata": {},
   "outputs": [],
   "source": [
    "import os\n",
    "from dotenv import load_dotenv\n",
    "from sqlalchemy import create_engine, text\n",
    "from geoalchemy2 import Geometry, WKTElement\n",
    "\n",
    "load_dotenv()\n",
    "\n",
    "# Set up a connection to the database\n",
    "engine = create_engine(f'postgresql://{os.getenv(\"POSTGRES_USER\")}:{os.getenv(\"POSTGRES_PASSWORD\")}@localhost:{os.getenv(\"POSTGRES_PORT\")}/{os.getenv(\"POSTGRES_DB_NAME\")}')\n",
    "\n",
    "import pandas as pd\n",
    "dataset = pd.read_parquet('../python/nfi_awi_overlay_2022_points.parquet')"
   ]
  },
  {
   "cell_type": "code",
   "execution_count": null,
   "metadata": {},
   "outputs": [],
   "source": [
    "dataset.to_sql('nfi_awi_overlay_2022_points', engine, if_exists='replace')"
   ]
  },
  {
   "cell_type": "code",
   "execution_count": null,
   "metadata": {},
   "outputs": [],
   "source": [
    "# Runtime: 5m30s per year for overlay\n",
    "\n",
    "# Write the DataFrame to a PostGIS table\n",
    "datasets['nfi_awi_overlay_2022_e3'].to_postgis('nfi_awi_overlay_2022_e3', engine, if_exists='replace')"
   ]
  },
  {
   "cell_type": "code",
   "execution_count": null,
   "metadata": {},
   "outputs": [],
   "source": [
    "# Creating a spatial index on the geometry column\n",
    "with engine.connect() as connection:\n",
    "    result = connection.execute(text(\"\"\"\n",
    "        CREATE INDEX nfi_awi_overlay_2022_geom_idx\n",
    "        ON nfi_awi_overlay_2022\n",
    "        USING GIST (geometry);\n",
    "    \"\"\"))"
   ]
  },
  {
   "cell_type": "code",
   "execution_count": null,
   "metadata": {},
   "outputs": [],
   "source": [
    "# Creating a B-tree index on the type_overlay column\n",
    "with engine.connect() as connection:\n",
    "    result = connection.execute(text(\"\"\"\n",
    "        CREATE INDEX nfi_awi_overlay_2022_type_idx\n",
    "        ON nfi_awi_overlay_2022(type_overlay);\n",
    "    \"\"\"))"
   ]
  },
  {
   "cell_type": "code",
   "execution_count": null,
   "metadata": {},
   "outputs": [],
   "source": [
    "# Query the pg_indexes view to list all indexes\n",
    "with engine.connect() as connection:\n",
    "    result = connection.execute(text(\"\"\"\n",
    "        SELECT indexname\n",
    "        FROM pg_indexes\n",
    "        WHERE schemaname = 'public';\n",
    "    \"\"\"))\n",
    "    for row in result:\n",
    "        print(row[0])"
   ]
  },
  {
   "cell_type": "code",
   "execution_count": null,
   "metadata": {},
   "outputs": [],
   "source": [
    "# Remove the spatial index on the geometry column\n",
    "with engine.connect() as connection:\n",
    "    connection.execute(text(\"\"\"\n",
    "        DROP INDEX nfi_awi_overlay_2022_geom_idx;\n",
    "    \"\"\"))"
   ]
  },
  {
   "cell_type": "code",
   "execution_count": null,
   "metadata": {},
   "outputs": [],
   "source": [
    "# Create a SQL query\n",
    "query = text(\"\"\"\n",
    "    SELECT *\n",
    "    FROM nfi_awi_overlay_2022\n",
    "    LIMIT 10\n",
    "\"\"\")\n",
    "\n",
    "# Execute the query and fetch the results\n",
    "with engine.connect() as connection:\n",
    "    result = connection.execute(query)\n",
    "    \n",
    "    # Print the column names\n",
    "    print(result.keys())\n",
    "    \n",
    "    for row in result:\n",
    "        print(row)"
   ]
  },
  {
   "cell_type": "code",
   "execution_count": null,
   "metadata": {},
   "outputs": [],
   "source": [
    "with engine.connect() as connection:\n",
    "    connection.execute(text(\"\"\"\n",
    "        ANALYZE nfi_awi_overlay_2022;\n",
    "    \"\"\"))\n",
    "\n",
    "with engine.connect() as connection:\n",
    "    result = connection.execute(query, params)\n",
    "    for row in result:\n",
    "        print(row)"
   ]
  },
  {
   "cell_type": "code",
   "execution_count": null,
   "metadata": {},
   "outputs": [],
   "source": [
    "# Create a SQL query\n",
    "query = text(\"\"\"\n",
    "    EXPLAIN ANALYZE\n",
    "    SELECT COUNT(*)\n",
    "    FROM nfi_awi_overlay_2022\n",
    "\"\"\")\n",
    "\n",
    "# Execute the query and fetch the results\n",
    "with engine.connect() as connection:\n",
    "    result = connection.execute(query, params)\n",
    "    for row in result:\n",
    "        print(row)"
   ]
  },
  {
   "cell_type": "code",
   "execution_count": null,
   "metadata": {},
   "outputs": [],
   "source": [
    "# Create a SQL query\n",
    "query = text(\"\"\"\n",
    "    EXPLAIN ANALYZE\n",
    "    SELECT type_overlay, COUNT(*) \n",
    "    FROM nfi_awi_overlay_2022\n",
    "    GROUP BY type_overlay\n",
    "\"\"\")\n",
    "\n",
    "# Execute the query and fetch the results\n",
    "with engine.connect() as connection:\n",
    "    result = connection.execute(query, params)\n",
    "    for row in result:\n",
    "        print(row)"
   ]
  },
  {
   "cell_type": "code",
   "execution_count": null,
   "metadata": {},
   "outputs": [],
   "source": [
    "# Create a SQL query\n",
    "bounds = '-4.380883597124949,51.65453904654336,-2.8063786659381833,51.87359620502201'\n",
    "bounds = [float(b) for b in bounds.split(',')]\n",
    "type = 'type_aggregate'\n",
    "query = text(f\"\"\"\n",
    "    EXPLAIN ANALYZE\n",
    "    SELECT {type}, SUM(area_ha) as total_area\n",
    "    FROM nfi_awi_overlay_2022\n",
    "        WHERE ST_Intersects(\n",
    "            geometry,\n",
    "            ST_MakeEnvelope(:xmin, :ymin, :xmax, :ymax, 4326)\n",
    "        )\n",
    "    GROUP BY {type}\n",
    "\"\"\")\n",
    "\n",
    "# Create a dictionary with the parameters for the query\n",
    "params = {\n",
    "    'xmin': bounds[0],\n",
    "    'ymin': bounds[1],\n",
    "    'xmax': bounds[2],\n",
    "    'ymax': bounds[3]\n",
    "}\n",
    "\n",
    "# Execute the query and fetch the results\n",
    "with engine.connect() as connection:\n",
    "    result = connection.execute(query, params)\n",
    "    for row in result:\n",
    "        print(row)"
   ]
  },
  {
   "cell_type": "code",
   "execution_count": null,
   "metadata": {},
   "outputs": [],
   "source": [
    "from shapely.geometry import Polygon\n",
    "\n",
    "bounds = '-13.555214010199336,49.15380509633303,7.950139192606855,60.1045987744817'\n",
    "\n",
    "# Parse the bounds string into coordinates\n",
    "coords = list(map(float, bounds.split(',')))\n",
    "xmin, ymin, xmax, ymax = coords\n",
    "\n",
    "# Create a POLYGON from the coordinates\n",
    "polygon = Polygon([(xmin, ymin), (xmin, ymax), (xmax, ymax), (xmax, ymin), (xmin, ymin)])\n",
    "\n",
    "print(polygon)"
   ]
  },
  {
   "cell_type": "markdown",
   "metadata": {},
   "source": [
    "## Performance\n",
    "\n",
    "Base config. `work_mem` = 4MB, `max_connections` = 100, `max_parallel_workers_per_gather` = 2\n",
    "\n",
    "### No index\n",
    "\n",
    "#### Zoomed all the way out\n",
    "Bounds: -13.555214010199336,49.15380509633303,7.950139192606855,60.1045987744817 \n",
    "\n",
    "Polygon: POLYGON ((-13.555214010199336 49.15380509633303, -13.555214010199336 60.1045987744817, 7.950139192606855 60.1045987744817, 7.950139192606855 49.15380509633303, -13.555214010199336 49.15380509633303))\n",
    "\n",
    "Result ST_MakeEnvelope: 2,600ms \n",
    "\n",
    "<details> \n",
    "  <summary>Execution plan</summary>\n",
    "\n",
    "```\n",
    "Finalize GroupAggregate  (cost=4699119.53..4701844.61 rows=5 width=23) (actual time=2386.449..2450.570 rows=5 loops=1)\n",
    "  Group Key: type_overlay\n",
    "  ->  Gather Merge  (cost=4699119.53..4701844.51 rows=10 width=23) (actual time=2380.328..2449.692 rows=15 loops=1)\n",
    "        Workers Planned: 2\n",
    "        Workers Launched: 2\n",
    "        ->  Partial GroupAggregate  (cost=4698119.51..4700843.33 rows=5 width=23) (actual time=2200.129..2265.490 rows=5 loops=3)\n",
    "              Group Key: type_overlay\n",
    "              ->  Sort  (cost=4698119.51..4699027.43 rows=363170 width=23) (actual time=2193.792..2235.255 rows=290539 loops=3)\n",
    "                    Sort Key: type_overlay\n",
    "                    Sort Method: external merge  Disk: 12192kB\n",
    "                    Worker 0:  Sort Method: external merge  Disk: 10256kB\n",
    "                    Worker 1:  Sort Method: external merge  Disk: 11152kB\n",
    "                    ->  Parallel Seq Scan on nfi_awi_overlay_2022  (cost=0.00..4657132.24 rows=363170 width=23) (actual time=765.237..1933.017 rows=290539 loops=3)\n",
    "                          Filter: st_intersects(geometry, '0103000020E61000000100000005000000A02CC002451C2BC0B05AA9E2AF934840A02CC002451C2BC0E0CC1D7E630D4E40C093DB49F1CC1F40E0CC1D7E630D4E40C093DB49F1CC1F40B05AA9E2AF934840A02CC002451C2BC0B05AA9E2AF934840'::geometry)\n",
    "                          Rows Removed by Filter: 16\n",
    "Planning Time: 65.536 ms\n",
    "JIT:\n",
    "  Functions: 30\n",
    "  Options: Inlining true, Optimization true, Expressions true, Deforming true\n",
    "  Timing: Generation 18.854 ms, Inlining 223.182 ms, Optimization 1024.092 ms, Emission 1039.834 ms, Total 2305.962 ms\n",
    "Execution Time: 2567.052 ms\n",
    "```\n",
    "</details>\n",
    "\n",
    "#### Luce Bay\n",
    "Bounds: 5.5518254715021556,54.43959754873018,-3.286959553518244,55.753058254667735\n",
    "\n",
    "Polygon: x\n",
    "\n",
    "Result ST_MakeEnvelope: 1500ms\n",
    "\n",
    "<details> \n",
    "  <summary>Execution plan</summary>\n",
    "\n",
    "```\n",
    "Finalize GroupAggregate  (cost=4659780.38..4659952.48 rows=5 width=23) (actual time=1388.985..1401.515 rows=5 loops=1)\n",
    "  Group Key: type_overlay\n",
    "  ->  Gather Merge  (cost=4659780.38..4659952.38 rows=10 width=23) (actual time=1388.019..1400.654 rows=15 loops=1)\n",
    "        Workers Planned: 2\n",
    "        Workers Launched: 2\n",
    "        ->  Partial GroupAggregate  (cost=4658780.36..4658951.20 rows=5 width=23) (actual time=1280.691..1283.453 rows=5 loops=3)\n",
    "              Group Key: type_overlay\n",
    "              ->  Sort  (cost=4658780.36..4658837.29 rows=22772 width=23) (actual time=1279.109..1280.044 rows=19229 loops=3)\n",
    "                    Sort Key: type_overlay\n",
    "                    Sort Method: quicksort  Memory: 1957kB\n",
    "                    Worker 0:  Sort Method: quicksort  Memory: 1660kB\n",
    "                    Worker 1:  Sort Method: quicksort  Memory: 1703kB\n",
    "                    ->  Parallel Seq Scan on nfi_awi_overlay_2022  (cost=0.00..4657132.24 rows=22772 width=23) (actual time=781.745..1272.470 rows=19229 loops=3)\n",
    "                          Filter: st_intersects(geometry, '0103000020E6100000010000000500000060CE84BC11351640549983BB44384B4060CE84BC11351640F0E37F3664E04B40C0154D73B14B0AC0F0E37F3664E04B40C0154D73B14B0AC0549983BB44384B4060CE84BC11351640549983BB44384B40'::geometry)\n",
    "                          Rows Removed by Filter: 271327\n",
    "Planning Time: 59.617 ms\n",
    "JIT:\n",
    "  Functions: 30\n",
    "  Options: Inlining true, Optimization true, Expressions true, Deforming true\n",
    "  Timing: Generation 19.179 ms, Inlining 216.195 ms, Optimization 1022.629 ms, Emission 1097.865 ms, Total 2355.869 ms\n",
    "Execution Time: 1518.001 ms\n",
    "```\n",
    "</details>\n",
    "\n",
    "### Geom Index Only\n",
    "\n",
    "#### Zoomed all the way out\n",
    "Bounds: -13.555214010199336,49.15380509633303,7.950139192606855,60.1045987744817 \n",
    "\n",
    "Polygon: POLYGON ((-13.555214010199336 49.15380509633303, -13.555214010199336 60.1045987744817, 7.950139192606855 60.1045987744817, 7.950139192606855 49.15380509633303, -13.555214010199336 49.15380509633303))\n",
    "\n",
    "Result ST_MakeEnvelope: 2,600ms\n",
    "\n",
    "Execution: Same as no index, uses seq scan\n",
    "\n",
    "#### Luce Bay\n",
    "\n",
    "Bounds: 5.5518254715021556,54.43959754873018,-3.286959553518244,55.753058254667735\n",
    "\n",
    "Polygon: x\n",
    "\n",
    "Result ST_MakeEnvelope: 500ms\n",
    "\n",
    "<details> \n",
    "  <summary>Execution plan</summary>\n",
    "\n",
    "```\n",
    "Finalize GroupAggregate  (cost=382966.43..383138.53 rows=5 width=23) (actual time=366.647..375.887 rows=5 loops=1)\n",
    "  Group Key: type_overlay\n",
    "  ->  Gather Merge  (cost=382966.43..383138.43 rows=10 width=23) (actual time=366.160..375.515 rows=12 loops=1)\n",
    "        Workers Planned: 2\n",
    "        Workers Launched: 2\n",
    "        ->  Partial GroupAggregate  (cost=381966.41..382137.25 rows=5 width=23) (actual time=236.659..240.028 rows=4 loops=3)\n",
    "              Group Key: type_overlay\n",
    "              ->  Sort  (cost=381966.41..382023.34 rows=22772 width=23) (actual time=235.317..237.009 rows=19229 loops=3)\n",
    "                    Sort Key: type_overlay\n",
    "                    Sort Method: external merge  Disk: 2056kB\n",
    "                    Worker 0:  Sort Method: quicksort  Memory: 231kB\n",
    "                    Worker 1:  Sort Method: quicksort  Memory: 155kB\n",
    "                    ->  Parallel Bitmap Heap Scan on nfi_awi_overlay_2022  (cost=1531.85..380318.29 rows=22772 width=23) (actual time=170.357..218.865 rows=19229 loops=3)\n",
    "                          Filter: st_intersects(geometry, '0103000020E6100000010000000500000060CE84BC11351640549983BB44384B4060CE84BC11351640F0E37F3664E04B40C0154D73B14B0AC0F0E37F3664E04B40C0154D73B14B0AC0549983BB44384B4060CE84BC11351640549983BB44384B40'::geometry)\n",
    "                          Heap Blocks: exact=10607\n",
    "                          ->  Bitmap Index Scan on nfi_awi_overlay_2022_geom_idx  (cost=0.00..1518.19 rows=54654 width=0) (actual time=7.843..7.846 rows=57687 loops=1)\n",
    "                                Index Cond: (geometry && '0103000020E6100000010000000500000060CE84BC11351640549983BB44384B4060CE84BC11351640F0E37F3664E04B40C0154D73B14B0AC0F0E37F3664E04B40C0154D73B14B0AC0549983BB44384B4060CE84BC11351640549983BB44384B40'::geometry)\n",
    "Planning Time: 24.340 ms\n",
    "JIT:\n",
    "  Functions: 30\n",
    "  Options: Inlining false, Optimization false, Expressions true, Deforming true\n",
    "  Timing: Generation 19.999 ms, Inlining 0.000 ms, Optimization 51.059 ms, Emission 443.303 ms, Total 514.361 ms\n",
    "Execution Time: 513.276 ms\n",
    "```\n",
    "</details>\n",
    "\n",
    "### Geom and 4 Type Indexes\n",
    "\n",
    "#### Zoomed all the way out\n",
    "Bounds: -13.555214010199336,49.15380509633303,7.950139192606855,60.1045987744817 \n",
    "\n",
    "Polygon: POLYGON ((-13.555214010199336 49.15380509633303, -13.555214010199336 60.1045987744817, 7.950139192606855 60.1045987744817, 7.950139192606855 49.15380509633303, -13.555214010199336 49.15380509633303))\n",
    "\n",
    "Result ST_MakeEnvelope: 2,600ms\n",
    "\n",
    "Execution: Same as no index, uses seq scan\n",
    "\n",
    "#### Luce Bay\n",
    "Bounds: 5.5518254715021556,54.43959754873018,-3.286959553518244,55.753058254667735\n",
    "\n",
    "Polygon: x\n",
    "\n",
    "Result ST_MakeEnvelope: 480ms\n",
    "\n",
    "<details> \n",
    "  <summary>Execution plan</summary>\n",
    "\n",
    "```\n",
    "Finalize GroupAggregate  (cost=382966.43..383138.53 rows=5 width=23) (actual time=350.588..358.821 rows=5 loops=1)\n",
    "  Group Key: type_overlay\n",
    "  ->  Gather Merge  (cost=382966.43..383138.43 rows=10 width=23) (actual time=349.006..358.417 rows=10 loops=1)\n",
    "        Workers Planned: 2\n",
    "        Workers Launched: 2\n",
    "        ->  Partial GroupAggregate  (cost=381966.41..382137.25 rows=5 width=23) (actual time=229.310..232.683 rows=3 loops=3)\n",
    "              Group Key: type_overlay\n",
    "              ->  Sort  (cost=381966.41..382023.34 rows=22772 width=23) (actual time=228.040..229.662 rows=19229 loops=3)\n",
    "                    Sort Key: type_overlay\n",
    "                    Sort Method: external merge  Disk: 2048kB\n",
    "                    Worker 0:  Sort Method: quicksort  Memory: 142kB\n",
    "                    Worker 1:  Sort Method: quicksort  Memory: 249kB\n",
    "                    ->  Parallel Bitmap Heap Scan on nfi_awi_overlay_2022  (cost=1531.85..380318.29 rows=22772 width=23) (actual time=163.929..211.538 rows=19229 loops=3)\n",
    "                          Filter: st_intersects(geometry, '0103000020E6100000010000000500000060CE84BC11351640549983BB44384B4060CE84BC11351640F0E37F3664E04B40C0154D73B14B0AC0F0E37F3664E04B40C0154D73B14B0AC0549983BB44384B4060CE84BC11351640549983BB44384B40'::geometry)\n",
    "                          Heap Blocks: exact=10549\n",
    "                          ->  Bitmap Index Scan on nfi_awi_overlay_2022_geom_idx  (cost=0.00..1518.19 rows=54654 width=0) (actual time=7.149..7.150 rows=57687 loops=1)\n",
    "                                Index Cond: (geometry && '0103000020E6100000010000000500000060CE84BC11351640549983BB44384B4060CE84BC11351640F0E37F3664E04B40C0154D73B14B0AC0F0E37F3664E04B40C0154D73B14B0AC0549983BB44384B4060CE84BC11351640549983BB44384B40'::geometry)\n",
    "Planning Time: 54.137 ms\n",
    "JIT:\n",
    "  Functions: 30\n",
    "  Options: Inlining false, Optimization false, Expressions true, Deforming true\n",
    "  Timing: Generation 18.371 ms, Inlining 0.000 ms, Optimization 46.116 ms, Emission 430.207 ms, Total 494.693 ms\n",
    "Execution Time: 484.569 ms\n",
    "```\n",
    "</details>\n",
    "\n",
    "\n",
    "#### Luce Bay + 256 work_mem + 8 max_worker_processes + 8 max_parallel_workers + 8 max_parallel_workers_per_gather\n",
    "\n",
    "Same as above\n",
    "\n",
    "Result ST_MakeEnvelope: 480ms\n",
    "\n",
    "Query:\n",
    "```\n",
    "EXPLAIN ANALYZE\n",
    "    SELECT type_overlay, SUM(area_ha) as total_area\n",
    "    FROM nfi_awi_overlay_2022\n",
    "         WHERE ST_Intersects(\n",
    "            geometry,\n",
    "            ST_MakeEnvelope(5.5518254715021556,54.43959754873018,-3.286959553518244,55.753058254667735,4326)\n",
    "        )\n",
    "    GROUP BY type_overlay\n",
    "```\n",
    "\n",
    "Parameters: work_mem: 256MB, max_worker_processes: 8, max_parallel_workers: 8, max_parallel_workers_per_gather: 8\n",
    "\n",
    "<details>\n",
    "  <summary>Execution plan</summary>\n",
    "\n",
    "```\n",
    "Finalize GroupAggregate  (cost=268303.34..268408.40 rows=5 width=23) (actual time=334.445..344.056 rows=5 loops=1)\n",
    "  Group Key: type_overlay\n",
    "  ->  Gather Merge  (cost=268303.34..268408.25 rows=20 width=23) (actual time=333.943..343.623 rows=21 loops=1)\n",
    "        Workers Planned: 4\n",
    "        Workers Launched: 4\n",
    "        ->  Partial GroupAggregate  (cost=267303.28..267405.81 rows=5 width=23) (actual time=205.164..206.969 rows=4 loops=5)\n",
    "              Group Key: type_overlay\n",
    "              ->  Sort  (cost=267303.28..267337.44 rows=13664 width=23) (actual time=204.010..204.569 rows=11537 loops=5)\n",
    "                    Sort Key: type_overlay\n",
    "                    Sort Method: quicksort  Memory: 4352kB\n",
    "                    Worker 0:  Sort Method: quicksort  Memory: 116kB\n",
    "                    Worker 1:  Sort Method: quicksort  Memory: 64kB\n",
    "                    Worker 2:  Sort Method: quicksort  Memory: 59kB\n",
    "                    Worker 3:  Sort Method: quicksort  Memory: 83kB\n",
    "                    ->  Parallel Bitmap Heap Scan on nfi_awi_overlay_2022  (cost=1531.85..266364.70 rows=13664 width=23) (actual time=167.846..199.085 rows=11537 loops=5)\n",
    "                          Filter: st_intersects(geometry, '0103000020E6100000010000000500000060CE84BC11351640549983BB44384B4060CE84BC11351640F0E37F3664E04B40C0154D73B14B0AC0F0E37F3664E04B40C0154D73B14B0AC0549983BB44384B4060CE84BC11351640549983BB44384B40'::geometry)\n",
    "                          Heap Blocks: exact=10771\n",
    "                          ->  Bitmap Index Scan on nfi_awi_overlay_2022_geom_idx  (cost=0.00..1518.19 rows=54654 width=0) (actual time=7.861..7.862 rows=57687 loops=1)\n",
    "                                Index Cond: (geometry && '0103000020E6100000010000000500000060CE84BC11351640549983BB44384B4060CE84BC11351640F0E37F3664E04B40C0154D73B14B0AC0F0E37F3664E04B40C0154D73B14B0AC0549983BB44384B4060CE84BC11351640549983BB44384B40'::geometry)\n",
    "Planning Time: 24.691 ms\n",
    "JIT:\n",
    "  Functions: 48\n",
    "  Options: Inlining false, Optimization false, Expressions true, Deforming true\n",
    "  Timing: Generation 32.487 ms, Inlining 0.000 ms, Optimization 80.559 ms, Emission 738.473 ms, Total 851.519 ms\n",
    "Execution Time: 476.212 ms\n",
    "```\n",
    "</details>\n",
    "\n",
    "#### Luce Bay + CLUSTER\n",
    "\n",
    "like 20ms faster\n"
   ]
  },
  {
   "cell_type": "code",
   "execution_count": null,
   "metadata": {},
   "outputs": [],
   "source": [
    "# Create a SQL query to set the enable_hashagg parameter\n",
    "set_hashagg_query = text(\"SET enable_hashagg = ON\")\n",
    "\n",
    "# Execute the query\n",
    "with engine.connect() as connection:\n",
    "    connection.execute(set_hashagg_query)"
   ]
  },
  {
   "cell_type": "code",
   "execution_count": null,
   "metadata": {},
   "outputs": [],
   "source": [
    "from flask import Flask, request, jsonify\n",
    "from flask_cors import CORS\n",
    "from sqlalchemy import create_engine, text\n",
    "from shapely.geometry import Polygon\n",
    "from dotenv import load_dotenv\n",
    "import os\n",
    "\n",
    "app = Flask(__name__)\n",
    "CORS(app)\n",
    "\n",
    "load_dotenv()\n",
    "\n",
    "# Set up a connection to the database\n",
    "# engine = create_engine(f'postgresql://{os.getenv(\"POSTGRES_USER\")}:{os.getenv(\"POSTGRES_PASSWORD\")}@localhost:{os.getenv(\"POSTGRES_PORT\")}/{os.getenv(\"POSTGRES_DB_NAME\")}')\n",
    "\n",
    "@app.route('/calculate_areas', methods=['GET'])\n",
    "def calculate_areas():\n",
    "    type = request.args.get('type')\n",
    "    bounds = list(map(float, request.args.get('bounds').split(',')))\n",
    "    xmin, ymin, xmax, ymax = bounds\n",
    "    polygon = Polygon([(xmin, ymin), (xmin, ymax), (xmax, ymax), (xmax, ymin), (xmin, ymin)])\n",
    "\n",
    "    # Create a SQL query\n",
    "    query = text(f\"\"\"\n",
    "        SELECT {type}, SUM(area_ha) as total_area\n",
    "        FROM nfi_awi_overlay_2022_e3\n",
    "        WHERE ST_Intersects(\n",
    "            geometry,\n",
    "            ST_GeomFromText('SRID=4326; {polygon}')\n",
    "        )\n",
    "        GROUP BY {type}\n",
    "    \"\"\")\n",
    "\n",
    "    # Execute the query and fetch the results\n",
    "    with engine.connect() as connection:\n",
    "        result = connection.execute(query)\n",
    "        keys = result.keys()\n",
    "        areas = {dict(zip(keys, row))[type]: dict(zip(keys, row))['total_area'] for row in result}\n",
    "\n",
    "    return jsonify(areas)\n",
    "\n",
    "if __name__ == '__main__':\n",
    "    app.run(port=3901, debug=False)"
   ]
  },
  {
   "cell_type": "code",
   "execution_count": null,
   "metadata": {},
   "outputs": [],
   "source": [
    "datasets['nfi_awi_overlay_2022_e3'].memory_usage(deep=True).sum() / 1024**2"
   ]
  },
  {
   "cell_type": "code",
   "execution_count": null,
   "metadata": {},
   "outputs": [],
   "source": [
    "datasets['nfi_awi_overlay_2022_e3']"
   ]
  },
  {
   "cell_type": "code",
   "execution_count": null,
   "metadata": {},
   "outputs": [],
   "source": [
    "datasets['nfi_awi_overlay_2022_e3']"
   ]
  },
  {
   "cell_type": "code",
   "execution_count": null,
   "metadata": {},
   "outputs": [],
   "source": [
    "datasets['nfi_awi_overlay_2022_e3'].memory_usage(deep=True) / 1024**2"
   ]
  },
  {
   "cell_type": "code",
   "execution_count": null,
   "metadata": {},
   "outputs": [],
   "source": [
    "datasets['nfi_awi_overlay_2022_e3'].source"
   ]
  },
  {
   "cell_type": "code",
   "execution_count": null,
   "metadata": {},
   "outputs": [],
   "source": [
    "\n",
    "print(f'Total memory usage: {total_memory} bytes')"
   ]
  }
 ],
 "metadata": {
  "kernelspec": {
   "display_name": ".venv",
   "language": "python",
   "name": "python3"
  },
  "language_info": {
   "codemirror_mode": {
    "name": "ipython",
    "version": 3
   },
   "file_extension": ".py",
   "mimetype": "text/x-python",
   "name": "python",
   "nbconvert_exporter": "python",
   "pygments_lexer": "ipython3",
   "version": "3.11.8"
  }
 },
 "nbformat": 4,
 "nbformat_minor": 2
}
